processing file small-2.pcap
processing file small-2.pcap1
processing file small-2.pcap10
processing file small-2.pcap100
processing file small-2.pcap101
processing file small-2.pcap102
processing file small-2.pcap103
processing file small-2.pcap104
processing file small-2.pcap105
processing file small-2.pcap106
processing file small-2.pcap107
processing file small-2.pcap108
processing file small-2.pcap109
processing file small-2.pcap11
processing file small-2.pcap110
processing file small-2.pcap111
processing file small-3.pcap
Traceback (most recent call last):
  File "../feature_extraction/pkt2fft/pkt2csv.py", line 26, in <module>
    if pkt['ip'].src+','+pkt['ip'].dst in flows.keys():
  File "/usr/local/lib/python3.7/site-packages/pyshark/packet/layer.py", line 34, in __getattr__
    val = self.get_field(item)
  File "/usr/local/lib/python3.7/site-packages/pyshark/packet/layer.py", line 63, in get_field
    if self._sanitize_field_name(name) == self._sanitize_field_name(field_name):
  File "/usr/local/lib/python3.7/site-packages/pyshark/packet/layer.py", line 112, in _sanitize_field_name
    field_name = field_name.replace(self._field_prefix, '')
  File "/usr/local/lib/python3.7/site-packages/pyshark/packet/layer.py", line 91, in _field_prefix
    return self.layer_name + '.'
  File "/usr/local/lib/python3.7/site-packages/pyshark/packet/layer.py", line 104, in layer_name
    if self._layer_name == 'fake-field-wrapper':
KeyboardInterrupt
processing file small-3.pcap1
Traceback (most recent call last):
  File "../feature_extraction/pkt2fft/pkt2csv.py", line 24, in <module>
    for pkt in pcap_file:
  File "/usr/local/lib/python3.7/site-packages/pyshark/capture/capture.py", line 242, in _packets_from_tshark_sync
    got_first_packet=packets_captured > 0))
  File "/usr/local/lib/python3.7/asyncio/base_events.py", line 574, in run_until_complete
    self.run_forever()
  File "/usr/local/lib/python3.7/asyncio/base_events.py", line 541, in run_forever
    self._run_once()
  File "/usr/local/lib/python3.7/asyncio/base_events.py", line 1786, in _run_once
    handle._run()
  File "/usr/local/lib/python3.7/asyncio/events.py", line 88, in _run
    self._context.run(self._callback, *self._args)
  File "/usr/local/lib/python3.7/site-packages/pyshark/capture/capture.py", line 360, in _get_packet_from_stream
    packet = packet_from_xml_packet(packet, psml_structure=psml_structure)
  File "/usr/local/lib/python3.7/site-packages/pyshark/tshark/tshark_xml.py", line 29, in packet_from_xml_packet
    return _packet_from_pdml_packet(xml_pkt)
  File "/usr/local/lib/python3.7/site-packages/pyshark/tshark/tshark_xml.py", line 37, in _packet_from_pdml_packet
    layers = [Layer(proto) for proto in pdml_packet.proto]
  File "/usr/local/lib/python3.7/site-packages/pyshark/tshark/tshark_xml.py", line 37, in <listcomp>
    layers = [Layer(proto) for proto in pdml_packet.proto]
  File "/usr/local/lib/python3.7/site-packages/pyshark/packet/layer.py", line 25, in __init__
    attributes = dict(field.attrib)
KeyboardInterrupt
processing file small-3.pcap10
Traceback (most recent call last):
  File "../feature_extraction/pkt2fft/pkt2csv.py", line 24, in <module>
    for pkt in pcap_file:
  File "/usr/local/lib/python3.7/site-packages/pyshark/capture/capture.py", line 242, in _packets_from_tshark_sync
    got_first_packet=packets_captured > 0))
  File "/usr/local/lib/python3.7/asyncio/base_events.py", line 574, in run_until_complete
    self.run_forever()
  File "/usr/local/lib/python3.7/asyncio/base_events.py", line 541, in run_forever
    self._run_once()
  File "/usr/local/lib/python3.7/asyncio/base_events.py", line 1750, in _run_once
    event_list = self._selector.select(timeout)
  File "/usr/local/lib/python3.7/selectors.py", line 468, in select
    fd_event_list = self._selector.poll(timeout, max_ev)
KeyboardInterrupt
Task exception was never retrieved
future: <Task finished coro=<Capture._get_packet_from_stream() done, defined at /usr/local/lib/python3.7/site-packages/pyshark/capture/capture.py:342> exception=EOFError()>
Traceback (most recent call last):
  File "../feature_extraction/pkt2fft/pkt2csv.py", line 24, in <module>
    for pkt in pcap_file:
  File "/usr/local/lib/python3.7/site-packages/pyshark/capture/capture.py", line 242, in _packets_from_tshark_sync
    got_first_packet=packets_captured > 0))
  File "/usr/local/lib/python3.7/asyncio/base_events.py", line 574, in run_until_complete
    self.run_forever()
  File "/usr/local/lib/python3.7/asyncio/base_events.py", line 541, in run_forever
    self._run_once()
  File "/usr/local/lib/python3.7/asyncio/base_events.py", line 1750, in _run_once
    event_list = self._selector.select(timeout)
  File "/usr/local/lib/python3.7/selectors.py", line 468, in select
    fd_event_list = self._selector.poll(timeout, max_ev)
KeyboardInterrupt

During handling of the above exception, another exception occurred:

Traceback (most recent call last):
  File "/usr/local/lib/python3.7/site-packages/pyshark/capture/capture.py", line 369, in _get_packet_from_stream
    raise EOFError()
EOFError
processing file small-3.pcap100
Traceback (most recent call last):
  File "/usr/local/lib/python3.7/site-packages/pyshark/capture/capture.py", line 242, in _packets_from_tshark_sync
    got_first_packet=packets_captured > 0))
  File "/usr/local/lib/python3.7/asyncio/base_events.py", line 574, in run_until_complete
    self.run_forever()
  File "/usr/local/lib/python3.7/asyncio/base_events.py", line 541, in run_forever
    self._run_once()
  File "/usr/local/lib/python3.7/asyncio/base_events.py", line 1786, in _run_once
    handle._run()
  File "/usr/local/lib/python3.7/asyncio/events.py", line 88, in _run
    self._context.run(self._callback, *self._args)
  File "/usr/local/lib/python3.7/site-packages/pyshark/capture/capture.py", line 360, in _get_packet_from_stream
    packet = packet_from_xml_packet(packet, psml_structure=psml_structure)
  File "/usr/local/lib/python3.7/site-packages/pyshark/tshark/tshark_xml.py", line 26, in packet_from_xml_packet
    xml_pkt = lxml.objectify.fromstring(xml_pkt, parser)
KeyboardInterrupt

During handling of the above exception, another exception occurred:

Traceback (most recent call last):
  File "../feature_extraction/pkt2fft/pkt2csv.py", line 24, in <module>
    for pkt in pcap_file:
  File "/usr/local/lib/python3.7/site-packages/pyshark/capture/capture.py", line 256, in _packets_from_tshark_sync
    self.eventloop.run_until_complete(self._cleanup_subprocess(tshark_process))
  File "/usr/local/lib/python3.7/asyncio/base_events.py", line 574, in run_until_complete
    self.run_forever()
  File "/usr/local/lib/python3.7/asyncio/base_events.py", line 541, in run_forever
    self._run_once()
  File "/usr/local/lib/python3.7/asyncio/base_events.py", line 1750, in _run_once
    event_list = self._selector.select(timeout)
  File "/usr/local/lib/python3.7/selectors.py", line 468, in select
    fd_event_list = self._selector.poll(timeout, max_ev)
KeyboardInterrupt
processing file small-3.pcap1000
processing file small-2.pcap112
processing file small-2.pcap113
processing file small-2.pcap114
processing file small-2.pcap115
processing file small-2.pcap116
processing file small-2.pcap117
processing file small-2.pcap118
processing file small-2.pcap119
processing file small-2.pcap12
processing file small-2.pcap120
processing file small-2.pcap121
processing file small-2.pcap122
processing file small-2.pcap123
processing file small-2.pcap124
processing file small-2.pcap125
processing file small-2.pcap126
processing file small-2.pcap127
processing file small-2.pcap128
processing file small-2.pcap129
processing file small-2.pcap13
processing file small-2.pcap130
processing file small-2.pcap131
processing file small-2.pcap132
processing file small-2.pcap133
processing file small-2.pcap134
processing file small-2.pcap135
processing file small-2.pcap136
processing file small-2.pcap137
processing file small-2.pcap138
processing file small-2.pcap139
processing file small-2.pcap14
processing file small-2.pcap140
processing file small-2.pcap141
processing file small-2.pcap142
processing file small-2.pcap143
processing file small-2.pcap144
processing file small-2.pcap145
processing file small-2.pcap146
processing file small-2.pcap147
processing file small-2.pcap148
processing file small-2.pcap149
processing file small-2.pcap15
processing file small-2.pcap150
processing file small-2.pcap151
processing file small-2.pcap152
processing file small-2.pcap153
processing file small-2.pcap154
processing file small-2.pcap155
processing file small-2.pcap156
processing file small-2.pcap157
processing file small-2.pcap158
processing file small-2.pcap159
processing file small-2.pcap16
processing file small-2.pcap160
processing file small-2.pcap161
processing file small-2.pcap162
processing file small-2.pcap163
processing file small-2.pcap164
processing file small-2.pcap165
processing file small-2.pcap166
processing file small-2.pcap167
processing file small-2.pcap168
processing file small-2.pcap169
processing file small-2.pcap17
processing file small-2.pcap170
processing file small-2.pcap171
processing file small-2.pcap172
processing file small-2.pcap173
processing file small-2.pcap174
processing file small-2.pcap175
processing file small-2.pcap176
processing file small-2.pcap177
processing file small-2.pcap178
processing file small-2.pcap179
processing file small-2.pcap18
processing file small-2.pcap180
processing file small-2.pcap181
processing file small-2.pcap182
processing file small-2.pcap183
processing file small-2.pcap184
processing file small-2.pcap185
processing file small-2.pcap186
processing file small-2.pcap187
processing file small-2.pcap188
processing file small-2.pcap189
processing file small-2.pcap19
processing file small-2.pcap190
processing file small-2.pcap191
processing file small-2.pcap192
processing file small-2.pcap193
processing file small-2.pcap194
processing file small-2.pcap195
processing file small-2.pcap196
processing file small-2.pcap197
processing file small-2.pcap198
processing file small-2.pcap199
processing file small-2.pcap2
processing file small-2.pcap20
processing file small-2.pcap200
processing file small-2.pcap201
processing file small-2.pcap202
processing file small-2.pcap203
processing file small-2.pcap204
processing file small-2.pcap205
processing file small-2.pcap206
processing file small-2.pcap207
processing file small-2.pcap208
processing file small-2.pcap209
processing file small-2.pcap21
processing file small-2.pcap210
processing file small-2.pcap211
processing file small-2.pcap212
processing file small-2.pcap213
processing file small-2.pcap214
processing file small-2.pcap215
processing file small-2.pcap216
processing file small-2.pcap217
processing file small-2.pcap218
processing file small-2.pcap219
processing file small-2.pcap22
processing file small-2.pcap220
processing file small-2.pcap221
processing file small-2.pcap222
processing file small-2.pcap223
processing file small-2.pcap224
processing file small-2.pcap225
processing file small-2.pcap226
processing file small-2.pcap227
processing file small-2.pcap228
processing file small-2.pcap229
processing file small-2.pcap23
processing file small-2.pcap230
processing file small-2.pcap231
processing file small-2.pcap232
processing file small-2.pcap233
processing file small-2.pcap234
processing file small-2.pcap235
processing file small-2.pcap236
processing file small-2.pcap237
processing file small-2.pcap238
processing file small-2.pcap239
processing file small-2.pcap24
processing file small-2.pcap240
processing file small-2.pcap241
processing file small-2.pcap242
processing file small-2.pcap243
processing file small-2.pcap244
processing file small-2.pcap245
processing file small-2.pcap246
processing file small-2.pcap247
processing file small-2.pcap248
processing file small-2.pcap249
processing file small-2.pcap25
processing file small-2.pcap250
processing file small-2.pcap251
processing file small-2.pcap252
processing file small-2.pcap253
processing file small-2.pcap254
processing file small-2.pcap255
processing file small-2.pcap256
processing file small-2.pcap257
processing file small-2.pcap258
processing file small-2.pcap259
processing file small-2.pcap26
processing file small-2.pcap260
processing file small-2.pcap261
processing file small-2.pcap262
processing file small-2.pcap263
processing file small-2.pcap264
processing file small-2.pcap265
processing file small-2.pcap266
processing file small-2.pcap267
processing file small-2.pcap268
processing file small-2.pcap269
processing file small-2.pcap27
processing file small-2.pcap270
processing file small-2.pcap271
processing file small-2.pcap272
processing file small-2.pcap273
processing file small-2.pcap274
processing file small-2.pcap275
processing file small-2.pcap276
processing file small-2.pcap277
processing file small-2.pcap278
processing file small-2.pcap279
processing file small-2.pcap28
processing file small-2.pcap280
processing file small-2.pcap281
processing file small-2.pcap282
processing file small-2.pcap283
processing file small-2.pcap284
processing file small-2.pcap285
processing file small-2.pcap286
processing file small-2.pcap287
processing file small-2.pcap288
processing file small-2.pcap289
processing file small-2.pcap29
processing file small-2.pcap290
processing file small-2.pcap291
processing file small-2.pcap292
processing file small-2.pcap293
processing file small-2.pcap294
processing file small-2.pcap295
processing file small-2.pcap296
processing file small-2.pcap297
processing file small-2.pcap298
processing file small-2.pcap299
processing file small-2.pcap3
processing file small-2.pcap30
processing file small-2.pcap300
processing file small-2.pcap301
processing file small-2.pcap302
processing file small-2.pcap303
processing file small-2.pcap304
processing file small-2.pcap305
processing file small-2.pcap306
processing file small-2.pcap307
processing file small-2.pcap308
processing file small-2.pcap309
processing file small-2.pcap31
processing file small-2.pcap310
processing file small-2.pcap311
processing file small-2.pcap312
processing file small-2.pcap313
processing file small-2.pcap314
processing file small-2.pcap315
processing file small-2.pcap316
processing file small-2.pcap317
processing file small-2.pcap318
processing file small-2.pcap319
processing file small-2.pcap32
processing file small-2.pcap320
processing file small-2.pcap321
processing file small-2.pcap322
processing file small-2.pcap323
processing file small-2.pcap324
processing file small-2.pcap325
processing file small-2.pcap326
processing file small-2.pcap327
processing file small-2.pcap328
processing file small-2.pcap329
processing file small-2.pcap33
processing file small-2.pcap330
processing file small-2.pcap331
processing file small-2.pcap332
processing file small-2.pcap333
processing file small-2.pcap334
processing file small-2.pcap335
processing file small-2.pcap336
processing file small-2.pcap337
processing file small-2.pcap338
processing file small-2.pcap339
processing file small-2.pcap34
processing file small-2.pcap340
processing file small-2.pcap341
processing file small-2.pcap342
processing file small-2.pcap343
processing file small-2.pcap344
processing file small-2.pcap345
processing file small-2.pcap346
processing file small-2.pcap347
processing file small-2.pcap348
processing file small-2.pcap349
processing file small-2.pcap35
processing file small-2.pcap350
processing file small-2.pcap351
processing file small-2.pcap352
processing file small-2.pcap353
processing file small-2.pcap354
processing file small-2.pcap355
processing file small-2.pcap356
processing file small-2.pcap357
processing file small-2.pcap358
processing file small-2.pcap359
processing file small-2.pcap36
processing file small-2.pcap360
processing file small-2.pcap361
processing file small-2.pcap362
processing file small-2.pcap363
processing file small-2.pcap364
processing file small-2.pcap365
processing file small-2.pcap366
processing file small-2.pcap367
processing file small-2.pcap368
processing file small-2.pcap369
processing file small-2.pcap37
processing file small-2.pcap370
processing file small-2.pcap371
processing file small-2.pcap372
processing file small-2.pcap373
processing file small-2.pcap374
processing file small-2.pcap375
processing file small-2.pcap376
processing file small-2.pcap377
processing file small-2.pcap378
processing file small-2.pcap379
processing file small-2.pcap38
processing file small-2.pcap380
processing file small-2.pcap381
processing file small-2.pcap382
processing file small-2.pcap383
processing file small-2.pcap384
processing file small-2.pcap385
processing file small-2.pcap386
processing file small-2.pcap387
processing file small-2.pcap388
processing file small-2.pcap389
processing file small-2.pcap39
processing file small-2.pcap390
processing file small-2.pcap391
processing file small-2.pcap392
processing file small-2.pcap393
processing file small-2.pcap394
processing file small-2.pcap395
processing file small-2.pcap396
processing file small-2.pcap397
processing file small-2.pcap398
processing file small-2.pcap399
processing file small-2.pcap4
processing file small-2.pcap40
processing file small-2.pcap400
processing file small-2.pcap401
processing file small-2.pcap402
processing file small-2.pcap403
processing file small-2.pcap404
processing file small-2.pcap405
processing file small-2.pcap406
processing file small-2.pcap407
processing file small-2.pcap408
processing file small-2.pcap409
processing file small-2.pcap41
processing file small-2.pcap410
processing file small-2.pcap411
processing file small-2.pcap412
processing file small-2.pcap413
processing file small-2.pcap414
processing file small-2.pcap415
